<?xml version="1.0" encoding="UTF-8"?>
<!-- Generated by org.testng.reporters.JUnitReportReporter -->
<testsuite hostname="CHRIS" failures="0" tests="1" name="calf.api.runners.APITestRunner" time="5.147" errors="0" timestamp="2025-08-27T15:08:46 IST" skipped="0">
  <testcase classname="calf.api.runners.APITestRunner" name="runScenario" time="5.147"/>
</testsuite> <!-- calf.api.runners.APITestRunner -->
